Using pre-set license
Built from '2020.2/release' branch; Version is '2020.2.2f1 (068178b99f32) revision 426360'; Using compiler version '192528614'; Build Type 'Release'
OS: 'Windows 10 Pro; OS build 18363.1316; Version 1909; 64bit' Language: 'en' Physical Memory: 16282 MB
BatchMode: 1, IsHumanControllingUs: 0, StartBugReporterOnCrash: 0, Is64bit: 1, IsPro: 0

 COMMAND LINE ARGUMENTS:
C:\Program Files\Unity\Hub\Editor\2020.2.2f1\Editor\Unity.exe
-adb2
-batchMode
-noUpm
-name
AssetImportWorker0
-projectPath
D:/Dev/KZK2021/ChickenFlap
-logFile
Logs/AssetImportWorker0.log
-srvPort
56131
Successfully changed project path to: D:/Dev/KZK2021/ChickenFlap
D:/Dev/KZK2021/ChickenFlap
Using Asset Import Pipeline V2.
Refreshing native plugins compatible for Editor in 61.35 ms, found 1 plugins.
Preloading 0 native plugins for Editor in 0.00 ms.
Initialize engine version: 2020.2.2f1 (068178b99f32)
[Subsystems] Discovering subsystems at path C:/Program Files/Unity/Hub/Editor/2020.2.2f1/Editor/Data/Resources/UnitySubsystems
[Subsystems] Discovering subsystems at path D:/Dev/KZK2021/ChickenFlap/Assets
GfxDevice: creating device client; threaded=0
Direct3D:
    Version:  Direct3D 11.0 [level 11.1]
    Renderer: NVIDIA GeForce GTX 1070 (ID=0x1b81)
    Vendor:   
    VRAM:     8088 MB
    Driver:   27.21.14.5671
Initialize mono
Mono path[0] = 'C:/Program Files/Unity/Hub/Editor/2020.2.2f1/Editor/Data/Managed'
Mono path[1] = 'C:/Program Files/Unity/Hub/Editor/2020.2.2f1/Editor/Data/MonoBleedingEdge/lib/mono/unityjit'
Mono config path = 'C:/Program Files/Unity/Hub/Editor/2020.2.2f1/Editor/Data/MonoBleedingEdge/etc'
Using monoOptions --debugger-agent=transport=dt_socket,embedding=1,server=y,suspend=n,address=127.0.0.1:56976
Begin MonoManager ReloadAssembly
Registering precompiled unity dll's ...
Register platform support module: C:/Program Files/Unity/Hub/Editor/2020.2.2f1/Editor/Data/PlaybackEngines/WebGLSupport/UnityEditor.WebGL.Extensions.dll
Register platform support module: C:/Program Files/Unity/Hub/Editor/2020.2.2f1/Editor/Data/PlaybackEngines/MacStandaloneSupport/UnityEditor.OSXStandalone.Extensions.dll
Register platform support module: C:/Program Files/Unity/Hub/Editor/2020.2.2f1/Editor/Data/PlaybackEngines/WindowsStandaloneSupport/UnityEditor.WindowsStandalone.Extensions.dll
Register platform support module: C:/Program Files/Unity/Hub/Editor/2020.2.2f1/Editor/Data/PlaybackEngines/LinuxStandaloneSupport/UnityEditor.LinuxStandalone.Extensions.dll
Registered in 0.013493 seconds.
Native extension for LinuxStandalone target not found
Native extension for WindowsStandalone target not found
Native extension for OSXStandalone target not found
Native extension for WebGL target not found
Refreshing native plugins compatible for Editor in 61.77 ms, found 1 plugins.
Preloading 0 native plugins for Editor in 0.00 ms.
Invoked RoslynAnalysisRunner static constructor.
RoslynAnalysisRunner will not be running.
RoslynAnalysisRunner has terminated.
Mono: successfully reloaded assembly
- Completed reload, in  2.263 seconds
Platform modules already initialized, skipping
Registering precompiled user dll's ...
Registered in 0.001693 seconds.
Begin MonoManager ReloadAssembly
Native extension for LinuxStandalone target not found
Native extension for WindowsStandalone target not found
Native extension for OSXStandalone target not found
Native extension for WebGL target not found
Refreshing native plugins compatible for Editor in 57.22 ms, found 1 plugins.
Preloading 0 native plugins for Editor in 0.00 ms.
Invoked RoslynAnalysisRunner static constructor.
RoslynAnalysisRunner will not be running.
RoslynAnalysisRunner has terminated.
Mono: successfully reloaded assembly
- Completed reload, in  1.669 seconds
Platform modules already initialized, skipping
========================================================================
Worker process is ready to serve import requests
Launched and connected shader compiler UnityShaderCompiler.exe after 0.09 seconds
Refreshing native plugins compatible for Editor in 0.55 ms, found 1 plugins.
Preloading 0 native plugins for Editor in 0.00 ms.
Unloading 1799 Unused Serialized files (Serialized files now loaded: 0)
System memory in use before: 84.5 MB.
System memory in use after: 84.5 MB.

Unloading 24 unused Assets to reduce memory usage. Loaded Objects now: 2242.
Total: 3.007100 ms (FindLiveObjects: 0.389900 ms CreateObjectMapping: 0.094900 ms MarkObjects: 2.326000 ms  DeleteObjects: 0.194900 ms)

========================================================================
Received Import Request.
  path: Assets/Cute Birds/Prefabs/Chicken.prefab
  artifactKey: Guid(56f05323d192c5545a16f4c206783b3b) Importer(815301076,1909f56bfc062723c751e8b465ee728b)
Start importing Assets/Cute Birds/Prefabs/Chicken.prefab using Guid(56f05323d192c5545a16f4c206783b3b) Importer(815301076,1909f56bfc062723c751e8b465ee728b)  -> (artifact id: '01901585f0bfa0c759c18121c6d2a7eb') in 0.303061 seconds
  Import took 0.308109 seconds .

========================================================================
Received Import Request.
  Time since last request: 0.000374 seconds.
  path: Assets/Cute Birds/Prefabs/Chicken Sprite Animation.prefab
  artifactKey: Guid(422160a32e526314fba5c0bc08ea5cd2) Importer(815301076,1909f56bfc062723c751e8b465ee728b)
Start importing Assets/Cute Birds/Prefabs/Chicken Sprite Animation.prefab using Guid(422160a32e526314fba5c0bc08ea5cd2) Importer(815301076,1909f56bfc062723c751e8b465ee728b)  -> (artifact id: 'c9955b1e3af0ffd2be28640ed8112472') in 0.109079 seconds
  Import took 0.114262 seconds .

========================================================================
Received Import Request.
  Time since last request: 78.799953 seconds.
  path: Assets/Cute Birds/Prefabs/Eagle.prefab
  artifactKey: Guid(427324e072b0f6b45a9a49b345b2ba18) Importer(815301076,1909f56bfc062723c751e8b465ee728b)
Start importing Assets/Cute Birds/Prefabs/Eagle.prefab using Guid(427324e072b0f6b45a9a49b345b2ba18) Importer(815301076,1909f56bfc062723c751e8b465ee728b)  -> (artifact id: '315db6aecdd7866c957eb4f296de7e75') in 0.010057 seconds
  Import took 0.015487 seconds .

========================================================================
Received Import Request.
  Time since last request: 0.004248 seconds.
  path: Assets/Cute Birds/Prefabs/Eagle.prefab
  artifactKey: Guid(427324e072b0f6b45a9a49b345b2ba18) Importer(815301076,1909f56bfc062723c751e8b465ee728b)
Start importing Assets/Cute Birds/Prefabs/Eagle.prefab using Guid(427324e072b0f6b45a9a49b345b2ba18) Importer(815301076,1909f56bfc062723c751e8b465ee728b)  -> (artifact id: '315db6aecdd7866c957eb4f296de7e75') in 0.009546 seconds
  Import took 0.013722 seconds .

========================================================================
Received Import Request.
  Time since last request: 35.926284 seconds.
  path: Assets/Cute Birds/Chicken Sprite Example/Chicken Parts/body.png
  artifactKey: Guid(392ee26ae5fd4ad4f86ef9cf9b603d26) Importer(815301076,1909f56bfc062723c751e8b465ee728b)
Start importing Assets/Cute Birds/Chicken Sprite Example/Chicken Parts/body.png using Guid(392ee26ae5fd4ad4f86ef9cf9b603d26) Importer(815301076,1909f56bfc062723c751e8b465ee728b)  -> (artifact id: '38e53297cb2fc0de7d5ec27894133ace') in 0.056286 seconds
  Import took 0.060779 seconds .

========================================================================
Received Import Request.
  Time since last request: 0.016031 seconds.
  path: Assets/Cute Birds/Chicken Sprite Example/Chicken Parts/body.png
  artifactKey: Guid(392ee26ae5fd4ad4f86ef9cf9b603d26) Importer(815301076,1909f56bfc062723c751e8b465ee728b)
Start importing Assets/Cute Birds/Chicken Sprite Example/Chicken Parts/body.png using Guid(392ee26ae5fd4ad4f86ef9cf9b603d26) Importer(815301076,1909f56bfc062723c751e8b465ee728b)  -> (artifact id: '38e53297cb2fc0de7d5ec27894133ace') in 0.034047 seconds
  Import took 0.038419 seconds .

========================================================================
Received Import Request.
  Time since last request: 0.222667 seconds.
  path: Assets/Cute Birds/Chicken Sprite Example/Chicken Parts/eyeleft.png
  artifactKey: Guid(14f579243c3b3ae409125acfc8f00bd8) Importer(815301076,1909f56bfc062723c751e8b465ee728b)
Start importing Assets/Cute Birds/Chicken Sprite Example/Chicken Parts/eyeleft.png using Guid(14f579243c3b3ae409125acfc8f00bd8) Importer(815301076,1909f56bfc062723c751e8b465ee728b)  -> (artifact id: '849a697fee28e749c346dd1bdd7cf2e2') in 0.019619 seconds
  Import took 0.023488 seconds .

========================================================================
Received Import Request.
  Time since last request: 0.472542 seconds.
  path: Assets/Cute Birds/Chicken Sprite Example/Chicken Parts/eyelidright.png
  artifactKey: Guid(0522bd363ef6b114696193e4a8aa6e47) Importer(815301076,1909f56bfc062723c751e8b465ee728b)
Start importing Assets/Cute Birds/Chicken Sprite Example/Chicken Parts/eyelidright.png using Guid(0522bd363ef6b114696193e4a8aa6e47) Importer(815301076,1909f56bfc062723c751e8b465ee728b)  -> (artifact id: 'ac10b01f666e93cfcc8285751d808a23') in 0.019110 seconds
  Import took 0.022739 seconds .

========================================================================
Received Import Request.
  Time since last request: 0.365913 seconds.
  path: Assets/Cute Birds/Chicken Sprite Example/Chicken Parts/head.png
  artifactKey: Guid(ffc63d54065279248b95181a3b55f201) Importer(815301076,1909f56bfc062723c751e8b465ee728b)
Start importing Assets/Cute Birds/Chicken Sprite Example/Chicken Parts/head.png using Guid(ffc63d54065279248b95181a3b55f201) Importer(815301076,1909f56bfc062723c751e8b465ee728b)  -> (artifact id: 'b41c6a93b01737c482d52d451491030b') in 0.030050 seconds
  Import took 0.040314 seconds .

========================================================================
Received Import Request.
  Time since last request: 54.286670 seconds.
  path: Assets/Cute Birds/Animations/Chicken Sprite Animation - IDLE.controller
  artifactKey: Guid(e65da3bdcf4b4d2489aa2b3857eae99a) Importer(815301076,1909f56bfc062723c751e8b465ee728b)
Start importing Assets/Cute Birds/Animations/Chicken Sprite Animation - IDLE.controller using Guid(e65da3bdcf4b4d2489aa2b3857eae99a) Importer(815301076,1909f56bfc062723c751e8b465ee728b)  -> (artifact id: '969a4dbf985b8ea4b008894e00c407eb') in 0.064641 seconds
  Import took 0.068795 seconds .

========================================================================
Received Import Request.
  Time since last request: 25.324879 seconds.
  path: Assets/Cute Birds/Animations/Chicken Animation - Idle.anim
  artifactKey: Guid(a1e7900211b947a4ea2027b5eeb3146b) Importer(815301076,1909f56bfc062723c751e8b465ee728b)
Start importing Assets/Cute Birds/Animations/Chicken Animation - Idle.anim using Guid(a1e7900211b947a4ea2027b5eeb3146b) Importer(815301076,1909f56bfc062723c751e8b465ee728b)  -> (artifact id: 'ee8b018af5d20bc7b13f4629ce18b08b') in 0.023410 seconds
  Import took 0.027401 seconds .

========================================================================
Received Import Request.
  Time since last request: 0.008342 seconds.
  path: Assets/Cute Birds/Animations/Chicken Animation - Idle.anim
  artifactKey: Guid(a1e7900211b947a4ea2027b5eeb3146b) Importer(815301076,1909f56bfc062723c751e8b465ee728b)
Start importing Assets/Cute Birds/Animations/Chicken Animation - Idle.anim using Guid(a1e7900211b947a4ea2027b5eeb3146b) Importer(815301076,1909f56bfc062723c751e8b465ee728b)  -> (artifact id: 'ee8b018af5d20bc7b13f4629ce18b08b') in 0.021462 seconds
  Import took 0.026699 seconds .

========================================================================
Received Prepare
Registering precompiled user dll's ...
Registered in 0.001869 seconds.
Begin MonoManager ReloadAssembly
Native extension for LinuxStandalone target not found
Native extension for WindowsStandalone target not found
Native extension for OSXStandalone target not found
Native extension for WebGL target not found
Refreshing native plugins compatible for Editor in 0.60 ms, found 1 plugins.
Preloading 0 native plugins for Editor in 0.00 ms.
Invoked RoslynAnalysisRunner static constructor.
RoslynAnalysisRunner will not be running.
RoslynAnalysisRunner has terminated.
Mono: successfully reloaded assembly
- Completed reload, in  1.343 seconds
Platform modules already initialized, skipping
Refreshing native plugins compatible for Editor in 0.59 ms, found 1 plugins.
Preloading 0 native plugins for Editor in 0.00 ms.
Unloading 1794 Unused Serialized files (Serialized files now loaded: 0)
System memory in use before: 87.8 MB.
System memory in use after: 87.8 MB.

Unloading 12 unused Assets to reduce memory usage. Loaded Objects now: 2261.
Total: 2.630600 ms (FindLiveObjects: 0.368300 ms CreateObjectMapping: 0.092000 ms MarkObjects: 2.026200 ms  DeleteObjects: 0.142600 ms)

========================================================================
Received Import Request.
  Time since last request: 195.423101 seconds.
  path: Assets/Cute Birds/Chicken Sprite Example/Chicken Parts/beak.png
  artifactKey: Guid(2fbeb38c67578b541b7c4221b1783e51) Importer(815301076,1909f56bfc062723c751e8b465ee728b)
Start importing Assets/Cute Birds/Chicken Sprite Example/Chicken Parts/beak.png using Guid(2fbeb38c67578b541b7c4221b1783e51) Importer(815301076,1909f56bfc062723c751e8b465ee728b)  -> (artifact id: '20f94142d2e3141311bb7811f56da4a8') in 0.079566 seconds
  Import took 0.084232 seconds .

========================================================================
Received Import Request.
  Time since last request: 29.946900 seconds.
  path: Assets/Cute Birds/Chicken Sprite Example/Chicken Parts
  artifactKey: Guid(0bafb16e0a1ea3844bf94b535c4e09bd) Importer(815301076,1909f56bfc062723c751e8b465ee728b)
Start importing Assets/Cute Birds/Chicken Sprite Example/Chicken Parts using Guid(0bafb16e0a1ea3844bf94b535c4e09bd) Importer(815301076,1909f56bfc062723c751e8b465ee728b)  -> (artifact id: '57cfa9edc58a2275f0ac45194d8cc20e') in 0.006122 seconds
  Import took 0.009853 seconds .

========================================================================
Received Import Request.
  Time since last request: 1.630206 seconds.
  path: Assets/Cute Birds/Chicken Sprite Example/Chicken Parts/comb.png
  artifactKey: Guid(52632e2a5e3ed9a418239777361d6f39) Importer(815301076,1909f56bfc062723c751e8b465ee728b)
Start importing Assets/Cute Birds/Chicken Sprite Example/Chicken Parts/comb.png using Guid(52632e2a5e3ed9a418239777361d6f39) Importer(815301076,1909f56bfc062723c751e8b465ee728b)  -> (artifact id: '2c699ef5dce5752cac8cb2cf13bbd495') in 0.021001 seconds
  Import took 0.024702 seconds .

========================================================================
Received Prepare
Registering precompiled user dll's ...
Registered in 0.001328 seconds.
Begin MonoManager ReloadAssembly
Native extension for LinuxStandalone target not found
Native extension for WindowsStandalone target not found
Native extension for OSXStandalone target not found
Native extension for WebGL target not found
Refreshing native plugins compatible for Editor in 0.54 ms, found 1 plugins.
Preloading 0 native plugins for Editor in 0.00 ms.
Invoked RoslynAnalysisRunner static constructor.
RoslynAnalysisRunner will not be running.
RoslynAnalysisRunner has terminated.
Mono: successfully reloaded assembly
- Completed reload, in  1.377 seconds
Platform modules already initialized, skipping
Refreshing native plugins compatible for Editor in 0.53 ms, found 1 plugins.
Preloading 0 native plugins for Editor in 0.00 ms.
Unloading 1794 Unused Serialized files (Serialized files now loaded: 0)
System memory in use before: 87.9 MB.
System memory in use after: 87.9 MB.

Unloading 12 unused Assets to reduce memory usage. Loaded Objects now: 2269.
Total: 4.485800 ms (FindLiveObjects: 0.446200 ms CreateObjectMapping: 0.096800 ms MarkObjects: 3.751300 ms  DeleteObjects: 0.189400 ms)

========================================================================
Received Import Request.
  Time since last request: 6.158757 seconds.
  path: Assets/Cute Birds/Chicken Sprite Example/Chicken Parts/comb.png
  artifactKey: Guid(52632e2a5e3ed9a418239777361d6f39) Importer(815301076,1909f56bfc062723c751e8b465ee728b)
Start importing Assets/Cute Birds/Chicken Sprite Example/Chicken Parts/comb.png using Guid(52632e2a5e3ed9a418239777361d6f39) Importer(815301076,1909f56bfc062723c751e8b465ee728b)  -> (artifact id: '930c72272d3ea910d55aa8d418c0053a') in 0.069082 seconds
  Import took 0.073805 seconds .

========================================================================
Received Import Request.
  Time since last request: 3.968501 seconds.
  path: Assets/Cute Birds/Chicken Sprite Example/Chicken Parts/body.png
  artifactKey: Guid(392ee26ae5fd4ad4f86ef9cf9b603d26) Importer(815301076,1909f56bfc062723c751e8b465ee728b)
Start importing Assets/Cute Birds/Chicken Sprite Example/Chicken Parts/body.png using Guid(392ee26ae5fd4ad4f86ef9cf9b603d26) Importer(815301076,1909f56bfc062723c751e8b465ee728b)  -> (artifact id: '075c18e32e00c8b8e2eb3b9108f1024d') in 0.027207 seconds
  Import took 0.032902 seconds .

========================================================================
Received Import Request.
  Time since last request: 0.550940 seconds.
  path: Assets/Cute Birds/Chicken Sprite Example/Chicken Parts/beak.png
  artifactKey: Guid(2fbeb38c67578b541b7c4221b1783e51) Importer(815301076,1909f56bfc062723c751e8b465ee728b)
Start importing Assets/Cute Birds/Chicken Sprite Example/Chicken Parts/beak.png using Guid(2fbeb38c67578b541b7c4221b1783e51) Importer(815301076,1909f56bfc062723c751e8b465ee728b)  -> (artifact id: '3b186d6de537ccf2441fcd77a4cd2fb0') in 0.018226 seconds
  Import took 0.022214 seconds .

========================================================================
Received Import Request.
  Time since last request: 112.483460 seconds.
  path: Assets/Cute Birds/Chicken Sprite Example/Sprite Atlas/Chicken_Sprite Atlas_Example for Animations.png
  artifactKey: Guid(33b190eff61c71f4fa8abe520addc8fc) Importer(815301076,1909f56bfc062723c751e8b465ee728b)
Start importing Assets/Cute Birds/Chicken Sprite Example/Sprite Atlas/Chicken_Sprite Atlas_Example for Animations.png using Guid(33b190eff61c71f4fa8abe520addc8fc) Importer(815301076,1909f56bfc062723c751e8b465ee728b)  -> (artifact id: '8d6c7cf7e719cb80ba28a1a30a0af831') in 0.094706 seconds
  Import took 0.099326 seconds .

========================================================================
Received Import Request.
  Time since last request: 6.655246 seconds.
  path: Assets/Cute Birds/Chicken Sprite Example/Sprite Atlas/Chicken_Sprite Atlas_Example for Animations.png
  artifactKey: Guid(33b190eff61c71f4fa8abe520addc8fc) Importer(815301076,1909f56bfc062723c751e8b465ee728b)
Start importing Assets/Cute Birds/Chicken Sprite Example/Sprite Atlas/Chicken_Sprite Atlas_Example for Animations.png using Guid(33b190eff61c71f4fa8abe520addc8fc) Importer(815301076,1909f56bfc062723c751e8b465ee728b)  -> (artifact id: '64b58bb92a01b134e6cb60f21c86d76b') in 0.067609 seconds
  Import took 0.071491 seconds .

========================================================================
Received Prepare
Registering precompiled user dll's ...
Registered in 0.001355 seconds.
Begin MonoManager ReloadAssembly
Native extension for LinuxStandalone target not found
Native extension for WindowsStandalone target not found
Native extension for OSXStandalone target not found
Native extension for WebGL target not found
Refreshing native plugins compatible for Editor in 0.55 ms, found 1 plugins.
Preloading 0 native plugins for Editor in 0.00 ms.
Invoked RoslynAnalysisRunner static constructor.
RoslynAnalysisRunner will not be running.
RoslynAnalysisRunner has terminated.
Mono: successfully reloaded assembly
- Completed reload, in  1.383 seconds
Platform modules already initialized, skipping
Refreshing native plugins compatible for Editor in 0.53 ms, found 1 plugins.
Preloading 0 native plugins for Editor in 0.00 ms.
Unloading 1794 Unused Serialized files (Serialized files now loaded: 0)
System memory in use before: 88.1 MB.
System memory in use after: 88.1 MB.

Unloading 12 unused Assets to reduce memory usage. Loaded Objects now: 2295.
Total: 3.179800 ms (FindLiveObjects: 0.377300 ms CreateObjectMapping: 0.092500 ms MarkObjects: 2.527800 ms  DeleteObjects: 0.180600 ms)

========================================================================
Received Prepare
Registering precompiled user dll's ...
Registered in 0.001687 seconds.
Begin MonoManager ReloadAssembly
Native extension for LinuxStandalone target not found
Native extension for WindowsStandalone target not found
Native extension for OSXStandalone target not found
Native extension for WebGL target not found
Refreshing native plugins compatible for Editor in 0.63 ms, found 1 plugins.
Preloading 0 native plugins for Editor in 0.00 ms.
Invoked RoslynAnalysisRunner static constructor.
RoslynAnalysisRunner will not be running.
RoslynAnalysisRunner has terminated.
Mono: successfully reloaded assembly
- Completed reload, in  1.399 seconds
Platform modules already initialized, skipping
Refreshing native plugins compatible for Editor in 0.63 ms, found 1 plugins.
Preloading 0 native plugins for Editor in 0.00 ms.
Unloading 1794 Unused Serialized files (Serialized files now loaded: 0)
System memory in use before: 88.2 MB.
System memory in use after: 88.2 MB.

Unloading 12 unused Assets to reduce memory usage. Loaded Objects now: 2298.
Total: 2.691200 ms (FindLiveObjects: 0.380500 ms CreateObjectMapping: 0.092000 ms MarkObjects: 2.067000 ms  DeleteObjects: 0.150400 ms)

========================================================================
Received Import Request.
  Time since last request: 226.064266 seconds.
  path: Assets/Cute Birds/Animations
  artifactKey: Guid(f0109c199b755a8479cb68fc2215046c) Importer(815301076,1909f56bfc062723c751e8b465ee728b)
Start importing Assets/Cute Birds/Animations using Guid(f0109c199b755a8479cb68fc2215046c) Importer(815301076,1909f56bfc062723c751e8b465ee728b)  -> (artifact id: '6bc740d4b412201d4ea3b1d96051ade1') in 0.009337 seconds
  Import took 0.013465 seconds .

========================================================================
Received Prepare
Registering precompiled user dll's ...
Registered in 0.001568 seconds.
Begin MonoManager ReloadAssembly
Native extension for LinuxStandalone target not found
Native extension for WindowsStandalone target not found
Native extension for OSXStandalone target not found
Native extension for WebGL target not found
Refreshing native plugins compatible for Editor in 0.62 ms, found 1 plugins.
Preloading 0 native plugins for Editor in 0.00 ms.
Invoked RoslynAnalysisRunner static constructor.
RoslynAnalysisRunner will not be running.
RoslynAnalysisRunner has terminated.
Mono: successfully reloaded assembly
- Completed reload, in  1.370 seconds
Platform modules already initialized, skipping
Refreshing native plugins compatible for Editor in 0.58 ms, found 1 plugins.
Preloading 0 native plugins for Editor in 0.00 ms.
Unloading 1794 Unused Serialized files (Serialized files now loaded: 0)
System memory in use before: 88.3 MB.
System memory in use after: 88.3 MB.

Unloading 12 unused Assets to reduce memory usage. Loaded Objects now: 2301.
Total: 2.822800 ms (FindLiveObjects: 0.379700 ms CreateObjectMapping: 0.092800 ms MarkObjects: 2.179400 ms  DeleteObjects: 0.168200 ms)

========================================================================
Received Import Request.
  Time since last request: 13.697992 seconds.
  path: Assets/Cute Birds/Animations/Idle.anim
  artifactKey: Guid(e435903c629192642b9ee198c1e5e00f) Importer(815301076,1909f56bfc062723c751e8b465ee728b)
Start importing Assets/Cute Birds/Animations/Idle.anim using Guid(e435903c629192642b9ee198c1e5e00f) Importer(815301076,1909f56bfc062723c751e8b465ee728b)  -> (artifact id: '7fd30ed0a91086688d9a1ee94d28b247') in 0.019269 seconds
  Import took 0.023070 seconds .

========================================================================
Received Import Request.
  Time since last request: 52.001722 seconds.
  path: Assets/Cute Birds/Animations/Chicken Animation - Fly.anim
  artifactKey: Guid(5dfec53a93412a74582c712a31c70647) Importer(815301076,1909f56bfc062723c751e8b465ee728b)
Start importing Assets/Cute Birds/Animations/Chicken Animation - Fly.anim using Guid(5dfec53a93412a74582c712a31c70647) Importer(815301076,1909f56bfc062723c751e8b465ee728b)  -> (artifact id: 'e4da08803be3d942905eb6abfc02ef94') in 0.041444 seconds
  Import took 0.045273 seconds .

========================================================================
Received Import Request.
  Time since last request: 1.464662 seconds.
  path: Assets/Cute Birds/Animations/Chicken Sprite Animation - FLY.controller
  artifactKey: Guid(99b36f3a9ce132546b7e9f8e69b813cf) Importer(815301076,1909f56bfc062723c751e8b465ee728b)
Start importing Assets/Cute Birds/Animations/Chicken Sprite Animation - FLY.controller using Guid(99b36f3a9ce132546b7e9f8e69b813cf) Importer(815301076,1909f56bfc062723c751e8b465ee728b)  -> (artifact id: 'f784e73dfcc9edd2588777c53209c0dc') in 0.043304 seconds
  Import took 0.047468 seconds .

========================================================================
Received Import Request.
  Time since last request: 153.561588 seconds.
  path: Assets/Cute Birds/Animations/Flap.anim
  artifactKey: Guid(3993f112c6b075c4ab87b846c9d83300) Importer(815301076,1909f56bfc062723c751e8b465ee728b)
Start importing Assets/Cute Birds/Animations/Flap.anim using Guid(3993f112c6b075c4ab87b846c9d83300) Importer(815301076,1909f56bfc062723c751e8b465ee728b)  -> (artifact id: '9b51677c0a07898aa8dff062eab736cb') in 0.009981 seconds
  Import took 0.014990 seconds .

========================================================================
Received Prepare
Registering precompiled user dll's ...
Registered in 0.001482 seconds.
Begin MonoManager ReloadAssembly
Native extension for LinuxStandalone target not found
Native extension for WindowsStandalone target not found
Native extension for OSXStandalone target not found
Native extension for WebGL target not found
Refreshing native plugins compatible for Editor in 0.54 ms, found 1 plugins.
Preloading 0 native plugins for Editor in 0.00 ms.
Invoked RoslynAnalysisRunner static constructor.
RoslynAnalysisRunner will not be running.
RoslynAnalysisRunner has terminated.
Mono: successfully reloaded assembly
- Completed reload, in  1.367 seconds
Platform modules already initialized, skipping
Refreshing native plugins compatible for Editor in 0.54 ms, found 1 plugins.
Preloading 0 native plugins for Editor in 0.00 ms.
Unloading 1794 Unused Serialized files (Serialized files now loaded: 0)
System memory in use before: 88.4 MB.
System memory in use after: 88.4 MB.

Unloading 12 unused Assets to reduce memory usage. Loaded Objects now: 2304.
Total: 3.080300 ms (FindLiveObjects: 0.395100 ms CreateObjectMapping: 0.101700 ms MarkObjects: 2.422400 ms  DeleteObjects: 0.158700 ms)

========================================================================
Received Prepare
Registering precompiled user dll's ...
Registered in 0.001867 seconds.
Begin MonoManager ReloadAssembly
Native extension for LinuxStandalone target not found
Native extension for WindowsStandalone target not found
Native extension for OSXStandalone target not found
Native extension for WebGL target not found
Refreshing native plugins compatible for Editor in 0.55 ms, found 1 plugins.
Preloading 0 native plugins for Editor in 0.00 ms.
Invoked RoslynAnalysisRunner static constructor.
RoslynAnalysisRunner will not be running.
RoslynAnalysisRunner has terminated.
Mono: successfully reloaded assembly
- Completed reload, in  1.387 seconds
Platform modules already initialized, skipping
Refreshing native plugins compatible for Editor in 0.53 ms, found 1 plugins.
Preloading 0 native plugins for Editor in 0.00 ms.
Unloading 1794 Unused Serialized files (Serialized files now loaded: 0)
System memory in use before: 88.5 MB.
System memory in use after: 88.5 MB.

Unloading 12 unused Assets to reduce memory usage. Loaded Objects now: 2307.
Total: 2.656100 ms (FindLiveObjects: 0.374700 ms CreateObjectMapping: 0.093500 ms MarkObjects: 2.027200 ms  DeleteObjects: 0.159200 ms)

========================================================================
Received Prepare
Registering precompiled user dll's ...
Registered in 0.001370 seconds.
Begin MonoManager ReloadAssembly
Native extension for LinuxStandalone target not found
Native extension for WindowsStandalone target not found
Native extension for OSXStandalone target not found
Native extension for WebGL target not found
Refreshing native plugins compatible for Editor in 0.75 ms, found 1 plugins.
Preloading 0 native plugins for Editor in 0.00 ms.
Invoked RoslynAnalysisRunner static constructor.
RoslynAnalysisRunner will not be running.
RoslynAnalysisRunner has terminated.
Mono: successfully reloaded assembly
- Completed reload, in  1.365 seconds
Platform modules already initialized, skipping
Refreshing native plugins compatible for Editor in 0.79 ms, found 1 plugins.
Preloading 0 native plugins for Editor in 0.00 ms.
Unloading 1794 Unused Serialized files (Serialized files now loaded: 0)
System memory in use before: 88.6 MB.
System memory in use after: 88.6 MB.

Unloading 12 unused Assets to reduce memory usage. Loaded Objects now: 2310.
Total: 3.473300 ms (FindLiveObjects: 0.476300 ms CreateObjectMapping: 0.109900 ms MarkObjects: 2.674200 ms  DeleteObjects: 0.210400 ms)

========================================================================
Received Prepare
Registering precompiled user dll's ...
Registered in 0.001344 seconds.
Begin MonoManager ReloadAssembly
Native extension for LinuxStandalone target not found
Native extension for WindowsStandalone target not found
Native extension for OSXStandalone target not found
Native extension for WebGL target not found
Refreshing native plugins compatible for Editor in 0.56 ms, found 1 plugins.
Preloading 0 native plugins for Editor in 0.00 ms.
Invoked RoslynAnalysisRunner static constructor.
RoslynAnalysisRunner will not be running.
RoslynAnalysisRunner has terminated.
Mono: successfully reloaded assembly
- Completed reload, in  1.369 seconds
Platform modules already initialized, skipping
Refreshing native plugins compatible for Editor in 0.55 ms, found 1 plugins.
Preloading 0 native plugins for Editor in 0.00 ms.
Unloading 1794 Unused Serialized files (Serialized files now loaded: 0)
System memory in use before: 88.7 MB.
System memory in use after: 88.7 MB.

Unloading 12 unused Assets to reduce memory usage. Loaded Objects now: 2313.
Total: 2.743900 ms (FindLiveObjects: 0.389100 ms CreateObjectMapping: 0.101100 ms MarkObjects: 2.090500 ms  DeleteObjects: 0.161500 ms)

========================================================================
Received Prepare
Registering precompiled user dll's ...
Registered in 0.001565 seconds.
Begin MonoManager ReloadAssembly
Native extension for LinuxStandalone target not found
Native extension for WindowsStandalone target not found
Native extension for OSXStandalone target not found
Native extension for WebGL target not found
Refreshing native plugins compatible for Editor in 0.55 ms, found 1 plugins.
Preloading 0 native plugins for Editor in 0.00 ms.
Invoked RoslynAnalysisRunner static constructor.
RoslynAnalysisRunner will not be running.
RoslynAnalysisRunner has terminated.
Mono: successfully reloaded assembly
- Completed reload, in  1.375 seconds
Platform modules already initialized, skipping
Refreshing native plugins compatible for Editor in 0.61 ms, found 1 plugins.
Preloading 0 native plugins for Editor in 0.00 ms.
Unloading 1794 Unused Serialized files (Serialized files now loaded: 0)
System memory in use before: 88.8 MB.
System memory in use after: 88.8 MB.

Unloading 12 unused Assets to reduce memory usage. Loaded Objects now: 2316.
Total: 2.734400 ms (FindLiveObjects: 0.381600 ms CreateObjectMapping: 0.094700 ms MarkObjects: 2.093500 ms  DeleteObjects: 0.163200 ms)

========================================================================
Received Prepare
Registering precompiled user dll's ...
Registered in 0.001392 seconds.
Begin MonoManager ReloadAssembly
Native extension for LinuxStandalone target not found
Native extension for WindowsStandalone target not found
Native extension for OSXStandalone target not found
Native extension for WebGL target not found
Refreshing native plugins compatible for Editor in 0.56 ms, found 1 plugins.
Preloading 0 native plugins for Editor in 0.00 ms.
Invoked RoslynAnalysisRunner static constructor.
RoslynAnalysisRunner will not be running.
RoslynAnalysisRunner has terminated.
Mono: successfully reloaded assembly
- Completed reload, in  1.337 seconds
Platform modules already initialized, skipping
Refreshing native plugins compatible for Editor in 0.56 ms, found 1 plugins.
Preloading 0 native plugins for Editor in 0.00 ms.
Unloading 1794 Unused Serialized files (Serialized files now loaded: 0)
System memory in use before: 88.9 MB.
System memory in use after: 88.9 MB.

Unloading 12 unused Assets to reduce memory usage. Loaded Objects now: 2319.
Total: 2.713500 ms (FindLiveObjects: 0.404800 ms CreateObjectMapping: 0.093100 ms MarkObjects: 2.053800 ms  DeleteObjects: 0.160500 ms)

========================================================================
Received Prepare
Registering precompiled user dll's ...
Registered in 0.001434 seconds.
Begin MonoManager ReloadAssembly
Native extension for LinuxStandalone target not found
Native extension for WindowsStandalone target not found
Native extension for OSXStandalone target not found
Native extension for WebGL target not found
Refreshing native plugins compatible for Editor in 0.55 ms, found 1 plugins.
Preloading 0 native plugins for Editor in 0.00 ms.
Invoked RoslynAnalysisRunner static constructor.
RoslynAnalysisRunner will not be running.
RoslynAnalysisRunner has terminated.
Mono: successfully reloaded assembly
- Completed reload, in  1.285 seconds
Platform modules already initialized, skipping
Refreshing native plugins compatible for Editor in 0.54 ms, found 1 plugins.
Preloading 0 native plugins for Editor in 0.00 ms.
Unloading 1794 Unused Serialized files (Serialized files now loaded: 0)
System memory in use before: 89.1 MB.
System memory in use after: 89.1 MB.

Unloading 12 unused Assets to reduce memory usage. Loaded Objects now: 2322.
Total: 2.831300 ms (FindLiveObjects: 0.407000 ms CreateObjectMapping: 0.095100 ms MarkObjects: 2.154900 ms  DeleteObjects: 0.172600 ms)

========================================================================
Received Prepare
Registering precompiled user dll's ...
Registered in 0.002013 seconds.
Begin MonoManager ReloadAssembly
Native extension for LinuxStandalone target not found
Native extension for WindowsStandalone target not found
Native extension for OSXStandalone target not found
Native extension for WebGL target not found
Refreshing native plugins compatible for Editor in 0.57 ms, found 1 plugins.
Preloading 0 native plugins for Editor in 0.00 ms.
Invoked RoslynAnalysisRunner static constructor.
RoslynAnalysisRunner will not be running.
RoslynAnalysisRunner has terminated.
Mono: successfully reloaded assembly
- Completed reload, in  1.338 seconds
Platform modules already initialized, skipping
Refreshing native plugins compatible for Editor in 0.71 ms, found 1 plugins.
Preloading 0 native plugins for Editor in 0.00 ms.
Unloading 1794 Unused Serialized files (Serialized files now loaded: 0)
System memory in use before: 89.2 MB.
System memory in use after: 89.2 MB.

Unloading 12 unused Assets to reduce memory usage. Loaded Objects now: 2325.
Total: 2.937100 ms (FindLiveObjects: 0.479200 ms CreateObjectMapping: 0.111000 ms MarkObjects: 2.094900 ms  DeleteObjects: 0.250000 ms)

========================================================================
Received Prepare
Registering precompiled user dll's ...
Registered in 0.001882 seconds.
Begin MonoManager ReloadAssembly
Native extension for LinuxStandalone target not found
Native extension for WindowsStandalone target not found
Native extension for OSXStandalone target not found
Native extension for WebGL target not found
Refreshing native plugins compatible for Editor in 1.42 ms, found 1 plugins.
Preloading 0 native plugins for Editor in 0.00 ms.
Invoked RoslynAnalysisRunner static constructor.
RoslynAnalysisRunner will not be running.
RoslynAnalysisRunner has terminated.
Mono: successfully reloaded assembly
- Completed reload, in  1.332 seconds
Platform modules already initialized, skipping
Refreshing native plugins compatible for Editor in 0.61 ms, found 1 plugins.
Preloading 0 native plugins for Editor in 0.00 ms.
Unloading 1794 Unused Serialized files (Serialized files now loaded: 0)
System memory in use before: 89.3 MB.
System memory in use after: 89.3 MB.

Unloading 12 unused Assets to reduce memory usage. Loaded Objects now: 2328.
Total: 2.705000 ms (FindLiveObjects: 0.388700 ms CreateObjectMapping: 0.092000 ms MarkObjects: 2.052900 ms  DeleteObjects: 0.170100 ms)

========================================================================
Received Prepare
Registering precompiled user dll's ...
Registered in 0.001591 seconds.
Begin MonoManager ReloadAssembly
Native extension for LinuxStandalone target not found
Native extension for WindowsStandalone target not found
Native extension for OSXStandalone target not found
Native extension for WebGL target not found
Refreshing native plugins compatible for Editor in 0.63 ms, found 1 plugins.
Preloading 0 native plugins for Editor in 0.00 ms.
Invoked RoslynAnalysisRunner static constructor.
RoslynAnalysisRunner will not be running.
RoslynAnalysisRunner has terminated.
Mono: successfully reloaded assembly
- Completed reload, in  1.308 seconds
Platform modules already initialized, skipping
Refreshing native plugins compatible for Editor in 0.71 ms, found 1 plugins.
Preloading 0 native plugins for Editor in 0.00 ms.
Unloading 1794 Unused Serialized files (Serialized files now loaded: 0)
System memory in use before: 89.4 MB.
System memory in use after: 89.4 MB.

Unloading 12 unused Assets to reduce memory usage. Loaded Objects now: 2331.
Total: 6.592900 ms (FindLiveObjects: 0.411100 ms CreateObjectMapping: 0.095700 ms MarkObjects: 5.898200 ms  DeleteObjects: 0.185700 ms)

========================================================================
Received Import Request.
  Time since last request: 1109.088347 seconds.
  path: Assets/Cute Birds/Animations/Blink.anim
  artifactKey: Guid(6a54a3dc53c16c24896e9ed476e2aee1) Importer(815301076,1909f56bfc062723c751e8b465ee728b)
Start importing Assets/Cute Birds/Animations/Blink.anim using Guid(6a54a3dc53c16c24896e9ed476e2aee1) Importer(815301076,1909f56bfc062723c751e8b465ee728b)  -> (artifact id: '93efa628083f3746ae02f841de16dad2') in 0.023134 seconds
  Import took 0.027542 seconds .

========================================================================
Received Import Request.
  Time since last request: 193.012001 seconds.
  path: Assets/Cute Birds/Animations/Open.anim
  artifactKey: Guid(47b36a3f7a7f0d34195e217dd0ce1b85) Importer(815301076,1909f56bfc062723c751e8b465ee728b)
Start importing Assets/Cute Birds/Animations/Open.anim using Guid(47b36a3f7a7f0d34195e217dd0ce1b85) Importer(815301076,1909f56bfc062723c751e8b465ee728b)  -> (artifact id: 'be2795bf80c2a49ee8e294acb1477663') in 0.007837 seconds
  Import took 0.012610 seconds .

========================================================================
Received Prepare
Registering precompiled user dll's ...
Registered in 0.001501 seconds.
Begin MonoManager ReloadAssembly
Native extension for LinuxStandalone target not found
Native extension for WindowsStandalone target not found
Native extension for OSXStandalone target not found
Native extension for WebGL target not found
Refreshing native plugins compatible for Editor in 0.66 ms, found 1 plugins.
Preloading 0 native plugins for Editor in 0.00 ms.
Invoked RoslynAnalysisRunner static constructor.
RoslynAnalysisRunner will not be running.
RoslynAnalysisRunner has terminated.
Mono: successfully reloaded assembly
- Completed reload, in  1.416 seconds
Platform modules already initialized, skipping
Refreshing native plugins compatible for Editor in 0.54 ms, found 1 plugins.
Preloading 0 native plugins for Editor in 0.00 ms.
Unloading 1794 Unused Serialized files (Serialized files now loaded: 0)
System memory in use before: 89.5 MB.
System memory in use after: 89.5 MB.

Unloading 12 unused Assets to reduce memory usage. Loaded Objects now: 2334.
Total: 2.996400 ms (FindLiveObjects: 0.429100 ms CreateObjectMapping: 0.099100 ms MarkObjects: 2.284600 ms  DeleteObjects: 0.181900 ms)

========================================================================
Received Prepare
Registering precompiled user dll's ...
Registered in 0.001543 seconds.
Begin MonoManager ReloadAssembly
Native extension for LinuxStandalone target not found
Native extension for WindowsStandalone target not found
Native extension for OSXStandalone target not found
Native extension for WebGL target not found
Refreshing native plugins compatible for Editor in 0.53 ms, found 1 plugins.
Preloading 0 native plugins for Editor in 0.00 ms.
Invoked RoslynAnalysisRunner static constructor.
RoslynAnalysisRunner will not be running.
RoslynAnalysisRunner has terminated.
Mono: successfully reloaded assembly
- Completed reload, in  1.345 seconds
Platform modules already initialized, skipping
Refreshing native plugins compatible for Editor in 0.54 ms, found 1 plugins.
Preloading 0 native plugins for Editor in 0.00 ms.
Unloading 1794 Unused Serialized files (Serialized files now loaded: 0)
System memory in use before: 89.6 MB.
System memory in use after: 89.6 MB.

Unloading 12 unused Assets to reduce memory usage. Loaded Objects now: 2337.
Total: 3.115200 ms (FindLiveObjects: 0.387800 ms CreateObjectMapping: 0.093900 ms MarkObjects: 2.344100 ms  DeleteObjects: 0.287700 ms)

========================================================================
Received Prepare
Registering precompiled user dll's ...
Registered in 0.003621 seconds.
Begin MonoManager ReloadAssembly
Native extension for LinuxStandalone target not found
Native extension for WindowsStandalone target not found
Native extension for OSXStandalone target not found
Native extension for WebGL target not found
Refreshing native plugins compatible for Editor in 0.58 ms, found 1 plugins.
Preloading 0 native plugins for Editor in 0.00 ms.
Invoked RoslynAnalysisRunner static constructor.
RoslynAnalysisRunner will not be running.
RoslynAnalysisRunner has terminated.
Mono: successfully reloaded assembly
- Completed reload, in  1.349 seconds
Platform modules already initialized, skipping
Refreshing native plugins compatible for Editor in 0.55 ms, found 1 plugins.
Preloading 0 native plugins for Editor in 0.00 ms.
Unloading 1794 Unused Serialized files (Serialized files now loaded: 0)
System memory in use before: 89.7 MB.
System memory in use after: 89.7 MB.

Unloading 12 unused Assets to reduce memory usage. Loaded Objects now: 2340.
Total: 3.069300 ms (FindLiveObjects: 0.387500 ms CreateObjectMapping: 0.093900 ms MarkObjects: 2.406000 ms  DeleteObjects: 0.180500 ms)

========================================================================
Received Prepare
Registering precompiled user dll's ...
Registered in 0.001614 seconds.
Begin MonoManager ReloadAssembly
Native extension for LinuxStandalone target not found
Native extension for WindowsStandalone target not found
Native extension for OSXStandalone target not found
Native extension for WebGL target not found
Refreshing native plugins compatible for Editor in 0.57 ms, found 1 plugins.
Preloading 0 native plugins for Editor in 0.00 ms.
Invoked RoslynAnalysisRunner static constructor.
RoslynAnalysisRunner will not be running.
RoslynAnalysisRunner has terminated.
Mono: successfully reloaded assembly
- Completed reload, in  1.328 seconds
Platform modules already initialized, skipping
Refreshing native plugins compatible for Editor in 0.80 ms, found 1 plugins.
Preloading 0 native plugins for Editor in 0.00 ms.
Unloading 1794 Unused Serialized files (Serialized files now loaded: 0)
System memory in use before: 89.8 MB.
System memory in use after: 89.8 MB.

Unloading 12 unused Assets to reduce memory usage. Loaded Objects now: 2343.
Total: 2.771200 ms (FindLiveObjects: 0.392900 ms CreateObjectMapping: 0.096700 ms MarkObjects: 2.119600 ms  DeleteObjects: 0.160700 ms)

========================================================================
Received Prepare
Registering precompiled user dll's ...
Registered in 0.001391 seconds.
Begin MonoManager ReloadAssembly
Native extension for LinuxStandalone target not found
Native extension for WindowsStandalone target not found
Native extension for OSXStandalone target not found
Native extension for WebGL target not found
Refreshing native plugins compatible for Editor in 0.60 ms, found 1 plugins.
Preloading 0 native plugins for Editor in 0.00 ms.
Invoked RoslynAnalysisRunner static constructor.
RoslynAnalysisRunner will not be running.
RoslynAnalysisRunner has terminated.
Mono: successfully reloaded assembly
- Completed reload, in  1.349 seconds
Platform modules already initialized, skipping
Refreshing native plugins compatible for Editor in 0.58 ms, found 1 plugins.
Preloading 0 native plugins for Editor in 0.00 ms.
Unloading 1794 Unused Serialized files (Serialized files now loaded: 0)
System memory in use before: 88.9 MB.
System memory in use after: 88.9 MB.

Unloading 12 unused Assets to reduce memory usage. Loaded Objects now: 2346.
Total: 2.789100 ms (FindLiveObjects: 0.375800 ms CreateObjectMapping: 0.096000 ms MarkObjects: 2.154400 ms  DeleteObjects: 0.161700 ms)

========================================================================
Received Import Request.
  Time since last request: 879.126458 seconds.
  path: Assets/Scenes
  artifactKey: Guid(bc4ae315de350864b9a6a497b6506609) Importer(815301076,1909f56bfc062723c751e8b465ee728b)
Start importing Assets/Scenes using Guid(bc4ae315de350864b9a6a497b6506609) Importer(815301076,1909f56bfc062723c751e8b465ee728b)  -> (artifact id: '5619dbe22489d1b084d9541af56503f5') in 0.013325 seconds
  Import took 0.020163 seconds .

========================================================================
Received Import Request.
  Time since last request: 34.173855 seconds.
  path: Assets/Scripts/DontDestroy.cs
  artifactKey: Guid(df0d8c066bd308643b5d91f9d6e0eba9) Importer(815301076,1909f56bfc062723c751e8b465ee728b)
Start importing Assets/Scripts/DontDestroy.cs using Guid(df0d8c066bd308643b5d91f9d6e0eba9) Importer(815301076,1909f56bfc062723c751e8b465ee728b)  -> (artifact id: '8e2aa096a7f2821eb4a89103aa899d7c') in 0.023403 seconds
  Import took 0.028165 seconds .

========================================================================
Received Prepare
Registering precompiled user dll's ...
Registered in 0.001413 seconds.
Begin MonoManager ReloadAssembly
Native extension for LinuxStandalone target not found
Native extension for WindowsStandalone target not found
Native extension for OSXStandalone target not found
Native extension for WebGL target not found
Refreshing native plugins compatible for Editor in 0.54 ms, found 1 plugins.
Preloading 0 native plugins for Editor in 0.00 ms.
Invoked RoslynAnalysisRunner static constructor.
RoslynAnalysisRunner will not be running.
RoslynAnalysisRunner has terminated.
Mono: successfully reloaded assembly
- Completed reload, in  1.650 seconds
Platform modules already initialized, skipping
Refreshing native plugins compatible for Editor in 0.93 ms, found 1 plugins.
Preloading 0 native plugins for Editor in 0.00 ms.
Unloading 1795 Unused Serialized files (Serialized files now loaded: 0)
System memory in use before: 89.1 MB.
System memory in use after: 89.1 MB.

Unloading 12 unused Assets to reduce memory usage. Loaded Objects now: 2350.
Total: 2.986600 ms (FindLiveObjects: 0.444100 ms CreateObjectMapping: 0.098800 ms MarkObjects: 2.138700 ms  DeleteObjects: 0.302200 ms)

========================================================================
Received Prepare
Registering precompiled user dll's ...
Registered in 0.001656 seconds.
Begin MonoManager ReloadAssembly
Native extension for LinuxStandalone target not found
Native extension for WindowsStandalone target not found
Native extension for OSXStandalone target not found
Native extension for WebGL target not found
Refreshing native plugins compatible for Editor in 0.59 ms, found 1 plugins.
Preloading 0 native plugins for Editor in 0.00 ms.
Invoked RoslynAnalysisRunner static constructor.
RoslynAnalysisRunner will not be running.
RoslynAnalysisRunner has terminated.
Mono: successfully reloaded assembly
- Completed reload, in  1.322 seconds
Platform modules already initialized, skipping
Refreshing native plugins compatible for Editor in 0.54 ms, found 1 plugins.
Preloading 0 native plugins for Editor in 0.00 ms.
Unloading 1795 Unused Serialized files (Serialized files now loaded: 0)
System memory in use before: 89.2 MB.
System memory in use after: 89.2 MB.

Unloading 12 unused Assets to reduce memory usage. Loaded Objects now: 2353.
Total: 3.666200 ms (FindLiveObjects: 0.619200 ms CreateObjectMapping: 0.227600 ms MarkObjects: 2.650000 ms  DeleteObjects: 0.167700 ms)

========================================================================
Received Import Request.
  Time since last request: 43.838946 seconds.
  path: Assets/Scripts/DontDestroy.cs
  artifactKey: Guid(df0d8c066bd308643b5d91f9d6e0eba9) Importer(815301076,1909f56bfc062723c751e8b465ee728b)
Start importing Assets/Scripts/DontDestroy.cs using Guid(df0d8c066bd308643b5d91f9d6e0eba9) Importer(815301076,1909f56bfc062723c751e8b465ee728b)  -> (artifact id: 'abedd557b5678751383ec5c75b734086') in 0.008006 seconds
  Import took 0.011785 seconds .

========================================================================
Received Prepare
Registering precompiled user dll's ...
Registered in 0.001713 seconds.
Begin MonoManager ReloadAssembly
Native extension for LinuxStandalone target not found
Native extension for WindowsStandalone target not found
Native extension for OSXStandalone target not found
Native extension for WebGL target not found
Refreshing native plugins compatible for Editor in 0.57 ms, found 1 plugins.
Preloading 0 native plugins for Editor in 0.00 ms.
Invoked RoslynAnalysisRunner static constructor.
RoslynAnalysisRunner will not be running.
RoslynAnalysisRunner has terminated.
Mono: successfully reloaded assembly
- Completed reload, in  1.392 seconds
Platform modules already initialized, skipping
Refreshing native plugins compatible for Editor in 0.66 ms, found 1 plugins.
Preloading 0 native plugins for Editor in 0.00 ms.
Unloading 1796 Unused Serialized files (Serialized files now loaded: 0)
System memory in use before: 89.3 MB.
System memory in use after: 89.3 MB.

Unloading 12 unused Assets to reduce memory usage. Loaded Objects now: 2357.
Total: 3.637300 ms (FindLiveObjects: 0.388600 ms CreateObjectMapping: 0.092000 ms MarkObjects: 2.905700 ms  DeleteObjects: 0.249800 ms)

========================================================================
Received Import Request.
  Time since last request: 98.944152 seconds.
  path: Assets/Scripts/BackgroundColor.cs
  artifactKey: Guid(f35820f2c470c514e9af905916225a0b) Importer(815301076,1909f56bfc062723c751e8b465ee728b)
Start importing Assets/Scripts/BackgroundColor.cs using Guid(f35820f2c470c514e9af905916225a0b) Importer(815301076,1909f56bfc062723c751e8b465ee728b)  -> (artifact id: '4afd2e6a78b0b75d24d9fa4db333eaaa') in 0.008918 seconds
  Import took 0.013014 seconds .

========================================================================
Received Prepare
Registering precompiled user dll's ...
Registered in 0.001579 seconds.
Begin MonoManager ReloadAssembly
Native extension for LinuxStandalone target not found
Native extension for WindowsStandalone target not found
Native extension for OSXStandalone target not found
Native extension for WebGL target not found
Refreshing native plugins compatible for Editor in 0.56 ms, found 1 plugins.
Preloading 0 native plugins for Editor in 0.00 ms.
Invoked RoslynAnalysisRunner static constructor.
RoslynAnalysisRunner will not be running.
RoslynAnalysisRunner has terminated.
Mono: successfully reloaded assembly
- Completed reload, in  1.694 seconds
Platform modules already initialized, skipping
Refreshing native plugins compatible for Editor in 0.79 ms, found 1 plugins.
Preloading 0 native plugins for Editor in 0.00 ms.
Unloading 1796 Unused Serialized files (Serialized files now loaded: 0)
System memory in use before: 89.4 MB.
System memory in use after: 89.4 MB.

Unloading 12 unused Assets to reduce memory usage. Loaded Objects now: 2360.
Total: 2.771600 ms (FindLiveObjects: 0.411100 ms CreateObjectMapping: 0.095500 ms MarkObjects: 2.096600 ms  DeleteObjects: 0.166900 ms)

========================================================================
Received Prepare
Registering precompiled user dll's ...
Registered in 0.001443 seconds.
Begin MonoManager ReloadAssembly
Native extension for LinuxStandalone target not found
Native extension for WindowsStandalone target not found
Native extension for OSXStandalone target not found
Native extension for WebGL target not found
Refreshing native plugins compatible for Editor in 0.56 ms, found 1 plugins.
Preloading 0 native plugins for Editor in 0.00 ms.
Invoked RoslynAnalysisRunner static constructor.
RoslynAnalysisRunner will not be running.
RoslynAnalysisRunner has terminated.
Mono: successfully reloaded assembly
- Completed reload, in  1.347 seconds
Platform modules already initialized, skipping
Refreshing native plugins compatible for Editor in 0.59 ms, found 1 plugins.
Preloading 0 native plugins for Editor in 0.00 ms.
Unloading 1796 Unused Serialized files (Serialized files now loaded: 0)
System memory in use before: 89.5 MB.
System memory in use after: 89.5 MB.

Unloading 12 unused Assets to reduce memory usage. Loaded Objects now: 2363.
Total: 2.815300 ms (FindLiveObjects: 0.400100 ms CreateObjectMapping: 0.093100 ms MarkObjects: 2.147400 ms  DeleteObjects: 0.173200 ms)

========================================================================
Received Import Request.
  Time since last request: 33.231593 seconds.
  path: Assets/Scripts/BackgroundColor.cs
  artifactKey: Guid(f35820f2c470c514e9af905916225a0b) Importer(815301076,1909f56bfc062723c751e8b465ee728b)
Start importing Assets/Scripts/BackgroundColor.cs using Guid(f35820f2c470c514e9af905916225a0b) Importer(815301076,1909f56bfc062723c751e8b465ee728b)  -> (artifact id: '4cc2caf5bb169d16487f5b529f8c3e17') in 0.007815 seconds
  Import took 0.011405 seconds .

========================================================================
Received Prepare
Registering precompiled user dll's ...
Registered in 0.001638 seconds.
Begin MonoManager ReloadAssembly
Native extension for LinuxStandalone target not found
Native extension for WindowsStandalone target not found
Native extension for OSXStandalone target not found
Native extension for WebGL target not found
Refreshing native plugins compatible for Editor in 0.55 ms, found 1 plugins.
Preloading 0 native plugins for Editor in 0.00 ms.
Invoked RoslynAnalysisRunner static constructor.
RoslynAnalysisRunner will not be running.
RoslynAnalysisRunner has terminated.
Mono: successfully reloaded assembly
- Completed reload, in  1.307 seconds
Platform modules already initialized, skipping
Refreshing native plugins compatible for Editor in 0.57 ms, found 1 plugins.
Preloading 0 native plugins for Editor in 0.00 ms.
Unloading 1796 Unused Serialized files (Serialized files now loaded: 0)
System memory in use before: 89.6 MB.
System memory in use after: 89.6 MB.

Unloading 12 unused Assets to reduce memory usage. Loaded Objects now: 2366.
Total: 2.691400 ms (FindLiveObjects: 0.380500 ms CreateObjectMapping: 0.093300 ms MarkObjects: 2.052000 ms  DeleteObjects: 0.164300 ms)

========================================================================
Received Import Request.
  Time since last request: 117.166681 seconds.
  path: Assets/Data.asset
  artifactKey: Guid(d4b87003cf0ec0040b35172507429eb4) Importer(815301076,1909f56bfc062723c751e8b465ee728b)
Start importing Assets/Data.asset using Guid(d4b87003cf0ec0040b35172507429eb4) Importer(815301076,1909f56bfc062723c751e8b465ee728b)  -> (artifact id: '23a607304a62178d0bdb553f27479d9a') in 0.028382 seconds
  Import took 0.032882 seconds .

========================================================================
Received Import Request.
  Time since last request: 25.028489 seconds.
  path: Assets/Scripts/DataHolder.cs
  artifactKey: Guid(c4f784c6c5682414e9fd835de807559b) Importer(815301076,1909f56bfc062723c751e8b465ee728b)
Start importing Assets/Scripts/DataHolder.cs using Guid(c4f784c6c5682414e9fd835de807559b) Importer(815301076,1909f56bfc062723c751e8b465ee728b)  -> (artifact id: 'f523caf1ec47558fbf1f5c6fc719eb2a') in 0.007649 seconds
  Import took 0.014772 seconds .

========================================================================
Received Import Request.
  Time since last request: 0.005728 seconds.
  path: Assets/Scripts/DataHolder.cs
  artifactKey: Guid(c4f784c6c5682414e9fd835de807559b) Importer(815301076,1909f56bfc062723c751e8b465ee728b)
Start importing Assets/Scripts/DataHolder.cs using Guid(c4f784c6c5682414e9fd835de807559b) Importer(815301076,1909f56bfc062723c751e8b465ee728b)  -> (artifact id: 'f523caf1ec47558fbf1f5c6fc719eb2a') in 0.005520 seconds
  Import took 0.009614 seconds .

========================================================================
Received Prepare
Registering precompiled user dll's ...
Registered in 0.001520 seconds.
Begin MonoManager ReloadAssembly
Native extension for LinuxStandalone target not found
Native extension for WindowsStandalone target not found
Native extension for OSXStandalone target not found
Native extension for WebGL target not found
Refreshing native plugins compatible for Editor in 0.89 ms, found 1 plugins.
Preloading 0 native plugins for Editor in 0.00 ms.
Invoked RoslynAnalysisRunner static constructor.
RoslynAnalysisRunner will not be running.
RoslynAnalysisRunner has terminated.
Mono: successfully reloaded assembly
- Completed reload, in  1.694 seconds
Platform modules already initialized, skipping
Refreshing native plugins compatible for Editor in 0.57 ms, found 1 plugins.
Preloading 0 native plugins for Editor in 0.00 ms.
Unloading 1797 Unused Serialized files (Serialized files now loaded: 0)
System memory in use before: 89.8 MB.
System memory in use after: 89.8 MB.

Unloading 12 unused Assets to reduce memory usage. Loaded Objects now: 2370.
Total: 3.659200 ms (FindLiveObjects: 0.442600 ms CreateObjectMapping: 0.099300 ms MarkObjects: 2.943700 ms  DeleteObjects: 0.171400 ms)

========================================================================
Received Prepare
Registering precompiled user dll's ...
Registered in 0.001387 seconds.
Begin MonoManager ReloadAssembly
Native extension for LinuxStandalone target not found
Native extension for WindowsStandalone target not found
Native extension for OSXStandalone target not found
Native extension for WebGL target not found
Refreshing native plugins compatible for Editor in 0.56 ms, found 1 plugins.
Preloading 0 native plugins for Editor in 0.00 ms.
Invoked RoslynAnalysisRunner static constructor.
RoslynAnalysisRunner will not be running.
RoslynAnalysisRunner has terminated.
Mono: successfully reloaded assembly
- Completed reload, in  1.377 seconds
Platform modules already initialized, skipping
Refreshing native plugins compatible for Editor in 0.57 ms, found 1 plugins.
Preloading 0 native plugins for Editor in 0.00 ms.
Unloading 1797 Unused Serialized files (Serialized files now loaded: 0)
System memory in use before: 89.9 MB.
System memory in use after: 89.9 MB.

Unloading 12 unused Assets to reduce memory usage. Loaded Objects now: 2373.
Total: 2.777500 ms (FindLiveObjects: 0.403400 ms CreateObjectMapping: 0.092700 ms MarkObjects: 2.071400 ms  DeleteObjects: 0.208800 ms)

========================================================================
Received Import Request.
  Time since last request: 61.781839 seconds.
  path: Assets/Scripts/DataHolder.cs
  artifactKey: Guid(c4f784c6c5682414e9fd835de807559b) Importer(815301076,1909f56bfc062723c751e8b465ee728b)
Start importing Assets/Scripts/DataHolder.cs using Guid(c4f784c6c5682414e9fd835de807559b) Importer(815301076,1909f56bfc062723c751e8b465ee728b)  -> (artifact id: 'fe3696ee42d04a338462becbb3afbf36') in 0.008241 seconds
  Import took 0.012734 seconds .

========================================================================
Received Prepare
Registering precompiled user dll's ...
Registered in 0.001735 seconds.
Begin MonoManager ReloadAssembly
Native extension for LinuxStandalone target not found
Native extension for WindowsStandalone target not found
Native extension for OSXStandalone target not found
Native extension for WebGL target not found
Refreshing native plugins compatible for Editor in 0.53 ms, found 1 plugins.
Preloading 0 native plugins for Editor in 0.00 ms.
Invoked RoslynAnalysisRunner static constructor.
RoslynAnalysisRunner will not be running.
RoslynAnalysisRunner has terminated.
Mono: successfully reloaded assembly
- Completed reload, in  1.330 seconds
Platform modules already initialized, skipping
Refreshing native plugins compatible for Editor in 0.59 ms, found 1 plugins.
Preloading 0 native plugins for Editor in 0.00 ms.
Unloading 1797 Unused Serialized files (Serialized files now loaded: 0)
System memory in use before: 89.9 MB.
System memory in use after: 89.9 MB.

Unloading 12 unused Assets to reduce memory usage. Loaded Objects now: 2376.
Total: 6.340000 ms (FindLiveObjects: 0.406600 ms CreateObjectMapping: 0.101600 ms MarkObjects: 5.654500 ms  DeleteObjects: 0.175700 ms)

========================================================================
Received Import Request.
  Time since last request: 29.290852 seconds.
  path: Assets/Black.asset
  artifactKey: Guid(d4b87003cf0ec0040b35172507429eb4) Importer(815301076,1909f56bfc062723c751e8b465ee728b)
Start importing Assets/Black.asset using Guid(d4b87003cf0ec0040b35172507429eb4) Importer(815301076,1909f56bfc062723c751e8b465ee728b)  -> (artifact id: 'f8c4d3c6351f18611a218cd7f1c012ca') in 0.020282 seconds
  Import took 0.025421 seconds .

========================================================================
Received Import Request.
  Time since last request: 6.068701 seconds.
  path: Assets/Red.asset
  artifactKey: Guid(5111a562c9b430a4381ed5d4a3963ce8) Importer(815301076,1909f56bfc062723c751e8b465ee728b)
Start importing Assets/Red.asset using Guid(5111a562c9b430a4381ed5d4a3963ce8) Importer(815301076,1909f56bfc062723c751e8b465ee728b)  -> (artifact id: '51b566524c08da7b10ee6025d55ebd38') in 0.008650 seconds
  Import took 0.012948 seconds .

========================================================================
Received Import Request.
  Time since last request: 29.810471 seconds.
  path: Assets/Scripts/UIController.cs
  artifactKey: Guid(f611907903332964eaec06a35aa86d61) Importer(815301076,1909f56bfc062723c751e8b465ee728b)
Start importing Assets/Scripts/UIController.cs using Guid(f611907903332964eaec06a35aa86d61) Importer(815301076,1909f56bfc062723c751e8b465ee728b)  -> (artifact id: 'c9ffcd6c4c10cdb45cd7f8ffb3b12f24') in 0.009279 seconds
  Import took 0.014125 seconds .

========================================================================
Received Import Request.
  Time since last request: 0.034939 seconds.
  path: Assets/Scripts/UIController.cs
  artifactKey: Guid(f611907903332964eaec06a35aa86d61) Importer(815301076,1909f56bfc062723c751e8b465ee728b)
Start importing Assets/Scripts/UIController.cs using Guid(f611907903332964eaec06a35aa86d61) Importer(815301076,1909f56bfc062723c751e8b465ee728b)  -> (artifact id: 'c9ffcd6c4c10cdb45cd7f8ffb3b12f24') in 0.005330 seconds
  Import took 0.009026 seconds .

========================================================================
Received Prepare
Registering precompiled user dll's ...
Registered in 0.001567 seconds.
Begin MonoManager ReloadAssembly
Native extension for LinuxStandalone target not found
Native extension for WindowsStandalone target not found
Native extension for OSXStandalone target not found
Native extension for WebGL target not found
Refreshing native plugins compatible for Editor in 0.54 ms, found 1 plugins.
Preloading 0 native plugins for Editor in 0.00 ms.
Invoked RoslynAnalysisRunner static constructor.
RoslynAnalysisRunner will not be running.
RoslynAnalysisRunner has terminated.
Mono: successfully reloaded assembly
- Completed reload, in  1.341 seconds
Platform modules already initialized, skipping
Refreshing native plugins compatible for Editor in 0.65 ms, found 1 plugins.
Preloading 0 native plugins for Editor in 0.00 ms.
Unloading 1797 Unused Serialized files (Serialized files now loaded: 0)
System memory in use before: 89.1 MB.
System memory in use after: 89.1 MB.

Unloading 12 unused Assets to reduce memory usage. Loaded Objects now: 2379.
Total: 3.058200 ms (FindLiveObjects: 0.416600 ms CreateObjectMapping: 0.095200 ms MarkObjects: 2.380900 ms  DeleteObjects: 0.163000 ms)

========================================================================
Received Import Request.
  Time since last request: 63.328927 seconds.
  path: Assets/Scripts/UIController.cs
  artifactKey: Guid(f611907903332964eaec06a35aa86d61) Importer(815301076,1909f56bfc062723c751e8b465ee728b)
Start importing Assets/Scripts/UIController.cs using Guid(f611907903332964eaec06a35aa86d61) Importer(815301076,1909f56bfc062723c751e8b465ee728b)  -> (artifact id: '8cd1e13a42b7fbf7b3d89279d2975865') in 0.007731 seconds
  Import took 0.011978 seconds .

========================================================================
Received Prepare
Registering precompiled user dll's ...
Registered in 0.001786 seconds.
Begin MonoManager ReloadAssembly
Native extension for LinuxStandalone target not found
Native extension for WindowsStandalone target not found
Native extension for OSXStandalone target not found
Native extension for WebGL target not found
Refreshing native plugins compatible for Editor in 0.74 ms, found 1 plugins.
Preloading 0 native plugins for Editor in 0.00 ms.
Invoked RoslynAnalysisRunner static constructor.
RoslynAnalysisRunner will not be running.
RoslynAnalysisRunner has terminated.
Mono: successfully reloaded assembly
- Completed reload, in  1.382 seconds
Platform modules already initialized, skipping
Refreshing native plugins compatible for Editor in 0.56 ms, found 1 plugins.
Preloading 0 native plugins for Editor in 0.00 ms.
Unloading 1797 Unused Serialized files (Serialized files now loaded: 0)
System memory in use before: 89.2 MB.
System memory in use after: 89.2 MB.

Unloading 12 unused Assets to reduce memory usage. Loaded Objects now: 2382.
Total: 2.807600 ms (FindLiveObjects: 0.395100 ms CreateObjectMapping: 0.095300 ms MarkObjects: 2.154900 ms  DeleteObjects: 0.161000 ms)

========================================================================
Received Prepare
Registering precompiled user dll's ...
Registered in 0.001732 seconds.
Begin MonoManager ReloadAssembly
Native extension for LinuxStandalone target not found
Native extension for WindowsStandalone target not found
Native extension for OSXStandalone target not found
Native extension for WebGL target not found
Refreshing native plugins compatible for Editor in 0.55 ms, found 1 plugins.
Preloading 0 native plugins for Editor in 0.00 ms.
Invoked RoslynAnalysisRunner static constructor.
RoslynAnalysisRunner will not be running.
RoslynAnalysisRunner has terminated.
Mono: successfully reloaded assembly
- Completed reload, in  1.363 seconds
Platform modules already initialized, skipping
Refreshing native plugins compatible for Editor in 0.56 ms, found 1 plugins.
Preloading 0 native plugins for Editor in 0.00 ms.
Unloading 1797 Unused Serialized files (Serialized files now loaded: 0)
System memory in use before: 89.3 MB.
System memory in use after: 89.3 MB.

Unloading 12 unused Assets to reduce memory usage. Loaded Objects now: 2385.
Total: 2.731400 ms (FindLiveObjects: 0.382200 ms CreateObjectMapping: 0.104500 ms MarkObjects: 2.071800 ms  DeleteObjects: 0.171500 ms)

========================================================================
Received Prepare
Registering precompiled user dll's ...
Registered in 0.001509 seconds.
Begin MonoManager ReloadAssembly
Native extension for LinuxStandalone target not found
Native extension for WindowsStandalone target not found
Native extension for OSXStandalone target not found
Native extension for WebGL target not found
Refreshing native plugins compatible for Editor in 0.84 ms, found 1 plugins.
Preloading 0 native plugins for Editor in 0.00 ms.
Invoked RoslynAnalysisRunner static constructor.
RoslynAnalysisRunner will not be running.
RoslynAnalysisRunner has terminated.
Mono: successfully reloaded assembly
- Completed reload, in  1.384 seconds
Platform modules already initialized, skipping
Refreshing native plugins compatible for Editor in 0.97 ms, found 1 plugins.
Preloading 0 native plugins for Editor in 0.00 ms.
Unloading 1797 Unused Serialized files (Serialized files now loaded: 0)
System memory in use before: 89.4 MB.
System memory in use after: 89.4 MB.

Unloading 12 unused Assets to reduce memory usage. Loaded Objects now: 2388.
Total: 3.063200 ms (FindLiveObjects: 0.381400 ms CreateObjectMapping: 0.092200 ms MarkObjects: 2.303900 ms  DeleteObjects: 0.284000 ms)

========================================================================
Received Prepare
Registering precompiled user dll's ...
Registered in 0.002191 seconds.
Begin MonoManager ReloadAssembly
Native extension for LinuxStandalone target not found
Native extension for WindowsStandalone target not found
Native extension for OSXStandalone target not found
Native extension for WebGL target not found
Refreshing native plugins compatible for Editor in 0.53 ms, found 1 plugins.
Preloading 0 native plugins for Editor in 0.00 ms.
Invoked RoslynAnalysisRunner static constructor.
RoslynAnalysisRunner will not be running.
RoslynAnalysisRunner has terminated.
Mono: successfully reloaded assembly
- Completed reload, in  1.448 seconds
Platform modules already initialized, skipping
Refreshing native plugins compatible for Editor in 0.54 ms, found 1 plugins.
Preloading 0 native plugins for Editor in 0.00 ms.
Unloading 1797 Unused Serialized files (Serialized files now loaded: 0)
System memory in use before: 89.5 MB.
System memory in use after: 89.5 MB.

Unloading 12 unused Assets to reduce memory usage. Loaded Objects now: 2391.
Total: 2.821900 ms (FindLiveObjects: 0.389800 ms CreateObjectMapping: 0.100700 ms MarkObjects: 2.137200 ms  DeleteObjects: 0.191200 ms)

AssetImportWorkerClient::OnTransportError - code=2 error=End of file
